\BOOKMARK [0][-]{chapter.1}{\376\377\000L\000i\000n\000e\000a\000r\000\040\000A\000l\000g\000e\000b\000r\000a\000\040\000B\000a\000c\000k\000g\000r\000o\000u\000n\000d}{}% 1
\BOOKMARK [1][-]{section.1.1}{\376\377\000V\000e\000c\000t\000o\000r\000\040\000S\000p\000a\000c\000e\000s\000\040\000a\000n\000d\000\040\000L\000i\000n\000e\000a\000r\000\040\000M\000a\000p\000s}{chapter.1}% 2
\BOOKMARK [2][-]{subsection.1.1.1}{\376\377\000S\000p\000a\000n\000,\000\040\000L\000i\000n\000e\000a\000r\000\040\000I\000n\000d\000e\000p\000e\000n\000d\000e\000n\000c\000e\000,\000\040\000B\000a\000s\000i\000s}{section.1.1}% 3
\BOOKMARK [2][-]{subsection.1.1.2}{\376\377\000V\000e\000c\000t\000o\000r\000\040\000N\000o\000r\000m\000s}{section.1.1}% 4
\BOOKMARK [1][-]{section.1.2}{\376\377\000L\000i\000n\000e\000a\000r\000\040\000M\000a\000p\000p\000i\000n\000g\000s}{chapter.1}% 5
\BOOKMARK [2][-]{subsection.1.2.1}{\376\377\000M\000a\000t\000r\000i\000c\000e\000s}{section.1.2}% 6
\BOOKMARK [2][-]{subsection.1.2.2}{\376\377\000S\000o\000m\000e\000\040\000C\000o\000m\000m\000o\000n\000\040\000M\000a\000t\000r\000i\000x\000\040\000O\000p\000e\000r\000a\000t\000i\000o\000n\000s}{section.1.2}% 7
\BOOKMARK [2][-]{subsection.1.2.3}{\376\377\000O\000r\000t\000h\000o\000g\000o\000n\000a\000l\000i\000t\000y\000\040\000a\000n\000d\000\040\000T\000h\000e\000\040\000I\000n\000n\000e\000r\000\040\000P\000r\000o\000d\000u\000c\000t\000\040\000S\000p\000a\000c\000e\000\040\000R\000n}{section.1.2}% 8
\BOOKMARK [1][-]{section.1.3}{\376\377\000E\000i\000g\000e\000n\000v\000a\000l\000u\000e\000\040\000a\000n\000d\000\040\000S\000i\000n\000g\000u\000l\000a\000r\000\040\000V\000a\000l\000u\000e\000\040\000D\000e\000c\000o\000m\000p\000o\000s\000i\000t\000i\000o\000n\000s}{chapter.1}% 9
\BOOKMARK [2][-]{subsection.1.3.1}{\376\377\000E\000i\000g\000e\000n\000v\000a\000l\000u\000e\000s\000\040\000a\000n\000d\000\040\000E\000i\000g\000e\000n\000v\000e\000c\000t\000o\000r\000s}{section.1.3}% 10
\BOOKMARK [2][-]{subsection.1.3.2}{\376\377\000S\000y\000m\000m\000e\000t\000r\000i\000c\000\040\000a\000n\000d\000\040\000P\000o\000s\000i\000t\000i\000v\000e\000\040\000S\000e\000m\000i\000-\000d\000e\000f\000i\000n\000i\000t\000e\000\040\000M\000a\000t\000r\000i\000c\000e\000s}{section.1.3}% 11
\BOOKMARK [2][-]{subsection.1.3.3}{\376\377\000D\000i\000a\000g\000o\000n\000a\000l\000i\000z\000a\000t\000i\000o\000n\000\040\000a\000n\000d\000\040\000S\000p\000e\000c\000t\000r\000a\000l\000\040\000T\000h\000e\000o\000r\000e\000m}{section.1.3}% 12
\BOOKMARK [2][-]{subsection.1.3.4}{\376\377\000S\000i\000n\000g\000u\000l\000a\000r\000\040\000V\000a\000l\000u\000e\000\040\000D\000e\000c\000o\000m\000p\000o\000s\000i\000t\000i\000o\000n}{section.1.3}% 13
\BOOKMARK [1][-]{section.1.4}{\376\377\000E\000x\000e\000r\000c\000i\000s\000e\000s}{chapter.1}% 14
\BOOKMARK [1][-]{section.1.5}{\376\377\000S\000o\000l\000u\000t\000i\000o\000n\000s\000\040\000t\000o\000\040\000E\000x\000e\000r\000c\000i\000s\000e\000s}{chapter.1}% 15
\BOOKMARK [0][-]{chapter.2}{\376\377\000M\000u\000l\000t\000i\000v\000a\000r\000i\000a\000b\000l\000e\000\040\000O\000p\000t\000i\000m\000i\000z\000a\000t\000i\000o\000n\000\040\000T\000h\000e\000o\000r\000y}{}% 16
\BOOKMARK [1][-]{section.2.1}{\376\377\000M\000a\000t\000r\000i\000x\000\040\000D\000i\000f\000f\000e\000r\000e\000n\000t\000i\000a\000t\000i\000o\000n}{chapter.2}% 17
\BOOKMARK [1][-]{section.2.2}{\376\377\000O\000p\000t\000i\000m\000i\000z\000a\000t\000i\000o\000n\000\040\000T\000h\000e\000o\000r\000y}{chapter.2}% 18
\BOOKMARK [2][-]{subsection.2.2.1}{\376\377\000O\000p\000t\000i\000m\000i\000z\000a\000t\000i\000o\000n\000\040\000w\000i\000t\000h\000\040\000N\000o\000\040\000C\000o\000n\000s\000t\000r\000a\000i\000n\000t\000s}{section.2.2}% 19
\BOOKMARK [2][-]{subsection.2.2.2}{\376\377\000O\000p\000t\000i\000m\000i\000z\000a\000t\000i\000o\000n\000\040\000w\000i\000t\000h\000\040\000C\000o\000n\000s\000t\000r\000a\000i\000n\000t\000s}{section.2.2}% 20
\BOOKMARK [1][-]{section.2.3}{\376\377\000C\000o\000n\000v\000e\000x\000\040\000O\000p\000t\000i\000m\000i\000z\000a\000t\000i\000o\000n}{chapter.2}% 21
\BOOKMARK [2][-]{subsection.2.3.1}{\376\377\000C\000o\000n\000v\000e\000x\000\040\000F\000u\000n\000c\000t\000i\000o\000n\000s}{section.2.3}% 22
\BOOKMARK [2][-]{subsection.2.3.2}{\376\377\000C\000o\000n\000s\000e\000q\000u\000e\000n\000c\000e\000s\000\040\000o\000f\000\040\000C\000o\000n\000v\000e\000x\000i\000t\000y}{section.2.3}% 23
\BOOKMARK [1][-]{section.2.4}{\376\377\000E\000x\000e\000r\000c\000i\000s\000e\000s}{chapter.2}% 24
\BOOKMARK [1][-]{section.2.5}{\376\377\000S\000o\000l\000u\000t\000i\000o\000n\000s\000\040\000t\000o\000\040\000E\000x\000e\000r\000c\000i\000s\000e\000s}{chapter.2}% 25
\BOOKMARK [0][-]{chapter.3}{\376\377\000P\000r\000o\000b\000a\000b\000i\000l\000i\000t\000y\000\040\000B\000a\000c\000k\000g\000r\000o\000u\000n\000d}{}% 26
\BOOKMARK [1][-]{section.3.1}{\376\377\000P\000r\000o\000b\000a\000b\000i\000l\000i\000t\000y\000\040\000S\000p\000a\000c\000e\000s\000\040\000a\000n\000d\000\040\000D\000i\000s\000t\000r\000i\000b\000u\000t\000i\000o\000n\000s}{chapter.3}% 27
\BOOKMARK [1][-]{section.3.2}{\376\377\000P\000r\000o\000b\000a\000b\000i\000l\000i\000t\000y\000\040\000o\000f\000\040\000a\000\040\000S\000i\000n\000g\000l\000e\000\040\000R\000a\000n\000d\000o\000m\000\040\000V\000a\000r\000i\000a\000b\000l\000e}{chapter.3}% 28
\BOOKMARK [1][-]{section.3.3}{\376\377\000P\000r\000o\000b\000a\000b\000i\000l\000i\000t\000y\000\040\000i\000n\000v\000o\000l\000v\000i\000n\000g\000\040\000M\000u\000l\000t\000i\000p\000l\000e\000\040\000R\000a\000n\000d\000o\000m\000\040\000V\000a\000r\000i\000a\000b\000l\000e\000s}{chapter.3}% 29
\BOOKMARK [1][-]{section.3.4}{\376\377\000C\000o\000n\000d\000i\000t\000i\000o\000n\000a\000l\000\040\000P\000r\000o\000b\000a\000b\000i\000l\000i\000t\000y\000\040\000a\000n\000d\000\040\000I\000n\000d\000e\000p\000e\000n\000d\000e\000n\000c\000e}{chapter.3}% 30
\BOOKMARK [1][-]{section.3.5}{\376\377\000E\000x\000p\000e\000c\000t\000a\000t\000i\000o\000n\000\040\000a\000n\000d\000\040\000V\000a\000r\000i\000a\000n\000c\000e}{chapter.3}% 31
\BOOKMARK [1][-]{section.3.6}{\376\377\000C\000o\000v\000a\000r\000i\000a\000n\000c\000e\000\040\000a\000n\000d\000\040\000C\000o\000r\000r\000e\000l\000a\000t\000i\000o\000n}{chapter.3}% 32
\BOOKMARK [1][-]{section.3.7}{\376\377\000C\000o\000m\000m\000o\000n\000\040\000D\000i\000s\000t\000r\000i\000b\000u\000t\000i\000o\000n\000s}{chapter.3}% 33
\BOOKMARK [1][-]{section.3.8}{\376\377\000E\000x\000e\000r\000c\000i\000s\000e\000s}{chapter.3}% 34
\BOOKMARK [0][-]{chapter.4}{\376\377\000N\000u\000m\000e\000r\000i\000c\000a\000l\000\040\000O\000p\000t\000i\000m\000i\000z\000a\000t\000i\000o\000n}{}% 35
\BOOKMARK [1][-]{section.4.1}{\376\377\000F\000l\000o\000a\000t\000i\000n\000g\000\040\000P\000o\000i\000n\000t\000\040\000C\000a\000l\000c\000u\000l\000a\000t\000i\000o\000n\000s}{chapter.4}% 36
\BOOKMARK [1][-]{section.4.2}{\376\377\000N\000e\000w\000t\000o\000n\000'\000s\000\040\000M\000e\000t\000h\000o\000d}{chapter.4}% 37
\BOOKMARK [1][-]{section.4.3}{\376\377\000G\000r\000a\000d\000i\000e\000n\000t\000\040\000B\000a\000s\000e\000d\000\040\000O\000p\000t\000i\000m\000i\000z\000a\000t\000i\000o\000n}{chapter.4}% 38
\BOOKMARK [2][-]{subsection.4.3.1}{\376\377\000M\000o\000r\000e\000\040\000o\000n\000\040\000G\000r\000a\000d\000i\000e\000n\000t\000\040\000D\000e\000s\000c\000e\000n\000t}{section.4.3}% 39
\BOOKMARK [2][-]{subsection.4.3.2}{\376\377\000G\000r\000a\000d\000i\000e\000n\000t\000\040\000D\000e\000s\000c\000e\000n\000t\000\040\000C\000o\000n\000v\000e\000r\000g\000e\000n\000c\000e}{section.4.3}% 40
\BOOKMARK [1][-]{section.4.4}{\376\377\000S\000t\000o\000c\000h\000a\000s\000t\000i\000c\000\040\000G\000r\000a\000d\000i\000e\000n\000t\000\040\000D\000e\000s\000c\000e\000n\000t}{chapter.4}% 41
\BOOKMARK [1][-]{section.4.5}{\376\377\000A\000d\000d\000i\000t\000i\000o\000n\000a\000l\000\040\000T\000o\000p\000i\000c\000s}{chapter.4}% 42
\BOOKMARK [2][-]{subsection.4.5.1}{\376\377\000C\000o\000n\000s\000t\000r\000a\000i\000n\000e\000d\000\040\000O\000p\000t\000i\000m\000i\000z\000a\000t\000i\000o\000n}{section.4.5}% 43
\BOOKMARK [1][-]{section.4.6}{\376\377\000E\000x\000e\000r\000c\000i\000s\000e\000s}{chapter.4}% 44
\BOOKMARK [1][-]{section.4.7}{\376\377\000S\000o\000l\000u\000t\000i\000o\000n\000s\000\040\000t\000o\000\040\000E\000x\000e\000r\000c\000i\000s\000e\000s}{chapter.4}% 45
\BOOKMARK [0][-]{chapter.5}{\376\377\000T\000e\000c\000h\000n\000i\000q\000u\000e\000s\000\040\000o\000f\000\040\000D\000i\000m\000e\000n\000s\000i\000o\000n\000a\000l\000i\000t\000y\000\040\000R\000e\000d\000u\000c\000t\000i\000o\000n}{}% 46
\BOOKMARK [1][-]{section.5.1}{\376\377\000P\000r\000i\000n\000c\000i\000p\000a\000l\000\040\000C\000o\000m\000p\000o\000n\000e\000n\000t\000\040\000A\000n\000a\000l\000y\000s\000i\000s}{chapter.5}% 47
\BOOKMARK [1][-]{section.5.2}{\376\377\000E\000x\000e\000r\000c\000i\000s\000e\000s}{chapter.5}% 48
\BOOKMARK [1][-]{section.5.3}{\376\377\000S\000o\000l\000u\000t\000i\000o\000n\000s\000\040\000t\000o\000\040\000E\000x\000e\000r\000c\000i\000s\000e\000s}{chapter.5}% 49
\BOOKMARK [0][-]{chapter.6}{\376\377\000R\000e\000g\000r\000e\000s\000s\000i\000o\000n\000\040\000a\000n\000d\000\040\000C\000l\000a\000s\000s\000i\000f\000i\000c\000a\000t\000i\000o\000n}{}% 50
\BOOKMARK [1][-]{section.6.1}{\376\377\000B\000a\000s\000i\000c\000s\000\040\000o\000f\000\040\000M\000a\000c\000h\000i\000n\000e\000\040\000L\000e\000a\000r\000n\000i\000n\000g}{chapter.6}% 51
\BOOKMARK [2][-]{subsection.6.1.1}{\376\377\000L\000e\000a\000r\000n\000i\000n\000g\000\040\000A\000l\000g\000o\000r\000i\000t\000h\000m\000s}{section.6.1}% 52
\BOOKMARK [2][-]{subsection.6.1.2}{\376\377\000E\000x\000p\000e\000r\000i\000e\000n\000c\000e}{section.6.1}% 53
\BOOKMARK [2][-]{subsection.6.1.3}{\376\377\000T\000a\000s\000k}{section.6.1}% 54
\BOOKMARK [2][-]{subsection.6.1.4}{\376\377\000P\000e\000r\000f\000o\000r\000m\000a\000n\000c\000e\000\040\000M\000e\000a\000s\000u\000r\000e}{section.6.1}% 55
\BOOKMARK [1][-]{section.6.2}{\376\377\000L\000i\000n\000e\000a\000r\000\040\000R\000e\000g\000r\000e\000s\000s\000i\000o\000n}{chapter.6}% 56
\BOOKMARK [1][-]{section.6.3}{\376\377\000L\000o\000g\000i\000s\000t\000i\000c\000\040\000R\000e\000g\000r\000e\000s\000s\000i\000o\000n}{chapter.6}% 57
\BOOKMARK [2][-]{subsection.6.3.1}{\376\377\000D\000e\000s\000i\000d\000e\000r\000a\000t\000a}{section.6.3}% 58
\BOOKMARK [2][-]{subsection.6.3.2}{\376\377\000O\000n\000e\000\040\000S\000o\000l\000u\000t\000i\000o\000n\000:\000\040\000L\000o\000g\000i\000s\000t\000i\000c\000\040\000R\000e\000g\000r\000e\000s\000s\000i\000o\000n}{section.6.3}% 59
\BOOKMARK [1][-]{section.6.4}{\376\377\000E\000x\000e\000r\000c\000i\000s\000e\000s}{chapter.6}% 60
\BOOKMARK [1][-]{section.6.5}{\376\377\000S\000o\000l\000u\000t\000i\000o\000n\000s\000\040\000t\000o\000\040\000E\000x\000e\000r\000c\000i\000s\000e\000s}{chapter.6}% 61
\BOOKMARK [0][-]{chapter.7}{\376\377\000T\000e\000c\000h\000n\000i\000q\000u\000e\000s\000\040\000f\000o\000r\000\040\000I\000m\000p\000r\000o\000v\000i\000n\000g\000\040\000L\000e\000a\000r\000n\000i\000n\000g\000\040\000M\000o\000d\000e\000l\000s}{}% 62
\BOOKMARK [1][-]{section.7.1}{\376\377\000C\000a\000p\000a\000c\000i\000t\000y\000,\000\040\000O\000v\000e\000r\000f\000i\000t\000t\000i\000n\000g\000,\000\040\000U\000n\000d\000e\000r\000f\000i\000t\000t\000i\000n\000g}{chapter.7}% 63
\BOOKMARK [2][-]{subsection.7.1.1}{\376\377\000T\000h\000e\000\040\000C\000a\000p\000a\000c\000i\000t\000y}{section.7.1}% 64
\BOOKMARK [2][-]{subsection.7.1.2}{\376\377\000B\000a\000y\000e\000s\000\040\000E\000r\000r\000o\000r}{section.7.1}% 65
\BOOKMARK [2][-]{subsection.7.1.3}{\376\377\000R\000e\000g\000u\000l\000a\000r\000i\000z\000a\000t\000i\000o\000n}{section.7.1}% 66
\BOOKMARK [1][-]{section.7.2}{\376\377\000H\000y\000p\000e\000r\000p\000a\000r\000a\000m\000e\000t\000e\000r\000s\000\040\000a\000n\000d\000\040\000V\000a\000l\000i\000d\000a\000t\000i\000o\000n}{chapter.7}% 67
\BOOKMARK [2][-]{subsection.7.2.1}{\376\377\000A\000\040\000P\000r\000o\000b\000l\000e\000m\000:}{section.7.2}% 68
\BOOKMARK [2][-]{subsection.7.2.2}{\376\377\000A\000\040\000S\000o\000l\000u\000t\000i\000o\000n\000\040\000a\000n\000d\000\040\000n\000e\000w\000\040\000a\000p\000p\000r\000o\000a\000c\000h\000:}{section.7.2}% 69
\BOOKMARK [2][-]{subsection.7.2.3}{\376\377\000T\000i\000p\000:}{section.7.2}% 70
\BOOKMARK [1][-]{section.7.3}{\376\377\000B\000i\000a\000s\000\040\000a\000n\000d\000\040\000V\000a\000r\000i\000a\000n\000c\000e}{chapter.7}% 71
\BOOKMARK [1][-]{section.7.4}{\376\377\000E\000x\000e\000r\000c\000i\000s\000e\000s}{chapter.7}% 72
\BOOKMARK [1][-]{section.7.5}{\376\377\000S\000o\000l\000u\000t\000i\000o\000n\000s\000\040\000t\000o\000\040\000E\000x\000e\000r\000c\000i\000s\000e\000s}{chapter.7}% 73
\BOOKMARK [0][-]{chapter.8}{\376\377\000N\000a\000i\000v\000e\000\040\000B\000a\000y\000e\000s\000\040\000a\000n\000d\000\040\000t\000h\000e\000\040\000E\000M\000\040\000A\000l\000g\000o\000r\000i\000t\000h\000m}{}% 74
\BOOKMARK [1][-]{section.8.1}{\376\377\000M\000a\000x\000i\000m\000u\000m\000\040\000L\000i\000k\000e\000l\000i\000h\000o\000o\000d\000\040\000E\000s\000t\000i\000m\000a\000t\000i\000o\000n}{chapter.8}% 75
\BOOKMARK [1][-]{section.8.2}{\376\377\000E\000x\000e\000r\000c\000i\000s\000e\000s}{chapter.8}% 76
\BOOKMARK [1][-]{section.8.3}{\376\377\000S\000o\000l\000u\000t\000i\000o\000n\000s\000\040\000t\000o\000\040\000E\000x\000e\000r\000c\000i\000s\000e\000s}{chapter.8}% 77
\BOOKMARK [0][-]{chapter.9}{\376\377\000U\000n\000s\000u\000p\000e\000r\000v\000i\000s\000e\000d\000\040\000L\000e\000a\000r\000n\000i\000n\000g\000\040\000a\000n\000d\000\040\000C\000l\000u\000s\000t\000e\000r\000i\000n\000g}{}% 78
\BOOKMARK [1][-]{section.9.1}{\376\377\000k\000-\000m\000e\000a\000n\000s\000\040\000C\000l\000u\000s\000t\000e\000r\000i\000n\000g}{chapter.9}% 79
\BOOKMARK [1][-]{section.9.2}{\376\377\000E\000x\000e\000r\000c\000i\000s\000e\000s}{chapter.9}% 80
\BOOKMARK [1][-]{section.9.3}{\376\377\000S\000o\000l\000u\000t\000i\000o\000n\000\040\000T\000o\000\040\000E\000x\000e\000r\000c\000i\000s\000e\000s}{chapter.9}% 81
\BOOKMARK [0][-]{chapter.10}{\376\377\000F\000e\000e\000d\000\040\000F\000o\000r\000w\000a\000r\000d\000\040\000N\000e\000u\000r\000a\000l\000\040\000N\000e\000t\000w\000o\000r\000k\000s}{}% 82
\BOOKMARK [1][-]{section.10.1}{\376\377\000A\000b\000s\000t\000r\000a\000c\000t\000\040\000N\000e\000u\000r\000o\000n\000s}{chapter.10}% 83
\BOOKMARK [1][-]{section.10.2}{\376\377\000T\000h\000e\000\040\000S\000i\000g\000m\000o\000i\000d\000\040\000N\000e\000u\000r\000o\000n}{chapter.10}% 84
\BOOKMARK [1][-]{section.10.3}{\376\377\000N\000e\000u\000r\000a\000l\000\040\000N\000e\000t\000w\000o\000r\000k\000s\000\040\000a\000s\000\040\000L\000e\000a\000r\000n\000i\000n\000g\000\040\000A\000l\000g\000o\000r\000i\000t\000h\000m\000s}{chapter.10}% 85
\BOOKMARK [1][-]{section.10.4}{\376\377\000N\000e\000u\000r\000a\000l\000\040\000N\000e\000t\000w\000o\000r\000k\000s\000\040\000a\000s\000\040\000a\000\040\000m\000a\000x\000i\000m\000u\000m\000\040\000l\000i\000k\000e\000l\000i\000h\000o\000o\000d\000\040\000e\000s\000t\000i\000m\000a\000t\000o\000r}{chapter.10}% 86
\BOOKMARK [1][-]{section.10.5}{\376\377\000E\000x\000e\000r\000c\000i\000s\000e\000s}{chapter.10}% 87
\BOOKMARK [1][-]{section.10.6}{\376\377\000S\000o\000l\000u\000t\000i\000o\000n\000s\000\040\000t\000o\000\040\000E\000x\000e\000r\000c\000i\000s\000e\000s}{chapter.10}% 88
\BOOKMARK [1][-]{section.10.7}{\376\377\000O\000u\000t\000p\000u\000t\000\040\000N\000e\000u\000r\000a\000l}{chapter.10}% 89
\BOOKMARK [1][-]{section.10.8}{\376\377\000O\000p\000t\000i\000m\000i\000z\000a\000t\000i\000o\000n\000\040\000f\000o\000r\000\040\000N\000e\000u\000r\000a\000l\000\040\000N\000e\000t\000w\000o\000r\000k\000s}{chapter.10}% 90
\BOOKMARK [1][-]{section.10.9}{\376\377\000B\000a\000c\000k\000p\000r\000o\000p\000a\000g\000a\000t\000i\000o\000n}{chapter.10}% 91
\BOOKMARK [1][-]{section.10.10}{\376\377\000R\000e\000g\000u\000l\000a\000r\000i\000z\000a\000t\000i\000o\000n}{chapter.10}% 92
\BOOKMARK [1][-]{section.10.11}{\376\377\000C\000o\000m\000m\000o\000n\000\040\000L\000o\000s\000s\000\040\000F\000u\000n\000c\000t\000i\000o\000n\000s}{chapter.10}% 93
\BOOKMARK [1][-]{section.10.12}{\376\377\000V\000a\000n\000i\000s\000h\000i\000n\000g\000\040\000G\000r\000a\000d\000i\000e\000n\000t\000\040\000P\000r\000o\000b\000l\000e\000m}{chapter.10}% 94
\BOOKMARK [2][-]{subsection.10.12.1}{\376\377\000M\000o\000m\000e\000n\000t\000u\000m\000\040\000M\000e\000t\000h\000o\000d}{section.10.12}% 95
\BOOKMARK [2][-]{subsection.10.12.2}{\376\377\000W\000e\000i\000g\000h\000t\000\040\000I\000n\000i\000t\000i\000a\000l\000i\000z\000a\000t\000i\000o\000n}{section.10.12}% 96
\BOOKMARK [2][-]{subsection.10.12.3}{\376\377\000X\000a\000v\000i\000e\000r\000\040\000I\000n\000i\000t\000i\000a\000l\000i\000z\000a\000t\000i\000o\000n}{section.10.12}% 97
\BOOKMARK [1][-]{section.10.13}{\376\377\000E\000x\000e\000r\000c\000i\000s\000e\000s}{chapter.10}% 98
\BOOKMARK [2][-]{subsection.10.13.1}{\376\377\000S\000o\000l\000u\000t\000i\000o\000n\000s}{section.10.13}% 99
\BOOKMARK [0][-]{chapter.11}{\376\377\000C\000o\000n\000v\000o\000l\000u\000t\000i\000o\000n\000a\000l\000\040\000N\000e\000u\000r\000a\000l\000\040\000N\000e\000t\000w\000o\000r\000k\000s}{}% 100
\BOOKMARK [1][-]{section.11.1}{\376\377\000I\000n\000t\000r\000o\000d\000u\000c\000t\000i\000o\000n}{chapter.11}% 101
\BOOKMARK [2][-]{subsection.11.1.1}{\376\377\000I\000d\000e\000a}{section.11.1}% 102
\BOOKMARK [1][-]{section.11.2}{\376\377\000C\000o\000n\000v\000o\000l\000u\000t\000i\000o\000n\000a\000l\000\040\000L\000a\000y\000e\000r\000s}{chapter.11}% 103
\BOOKMARK [2][-]{subsection.11.2.1}{\376\377\000C\000o\000n\000v\000o\000l\000u\000t\000i\000o\000n\000a\000l\000\040\000L\000a\000y\000e\000r\000\040\000w\000i\000t\000h\000\040\0001\000D\000\040\000I\000n\000p\000u\000t\000s}{section.11.2}% 104
\BOOKMARK [2][-]{subsection.11.2.2}{\376\377\000C\000o\000n\000v\000o\000l\000u\000t\000i\000o\000n\000a\000l\000\040\000L\000a\000y\000e\000r\000\040\000w\000i\000t\000h\000\040\0003\000D\000\040\000I\000n\000p\000u\000t\000s}{section.11.2}% 105
\BOOKMARK [2][-]{subsection.11.2.3}{\376\377\000P\000a\000d\000d\000i\000n\000g}{section.11.2}% 106
\BOOKMARK [2][-]{subsection.11.2.4}{\376\377\000P\000o\000o\000l\000i\000n\000g}{section.11.2}% 107
\BOOKMARK [1][-]{section.11.3}{\376\377\000E\000x\000e\000r\000c\000i\000s\000e\000s}{chapter.11}% 108
\BOOKMARK [1][-]{section.11.4}{\376\377\000S\000o\000l\000u\000t\000i\000o\000n\000s\000\040\000t\000o\000\040\000E\000x\000e\000r\000c\000i\000s\000e\000s}{chapter.11}% 109
\BOOKMARK [0][-]{chapter.12}{\376\377\000R\000e\000c\000u\000r\000r\000e\000n\000t\000\040\000N\000e\000u\000r\000a\000l\000\040\000N\000e\000t\000w\000o\000r\000k\000s}{}% 110
\BOOKMARK [1][-]{section.12.1}{\376\377\000I\000n\000t\000r\000o\000d\000u\000c\000t\000i\000o\000n}{chapter.12}% 111
\BOOKMARK [2][-]{subsection.12.1.1}{\376\377\000W\000h\000a\000t\000\040\000i\000s\000\040\000a\000n\000\040\000R\000N\000N\000?}{section.12.1}% 112
\BOOKMARK [2][-]{subsection.12.1.2}{\376\377\000R\000e\000p\000r\000e\000s\000e\000n\000t\000i\000n\000g\000\040\000a\000\040\000d\000y\000n\000a\000m\000i\000c\000\040\000s\000t\000a\000t\000e\000\040\000s\000y\000s\000t\000e\000m\000\040\000g\000r\000a\000p\000h\000i\000c\000a\000l\000l\000y}{section.12.1}% 113
\BOOKMARK [1][-]{section.12.2}{\376\377\000R\000e\000c\000u\000r\000r\000e\000n\000t\000\040\000N\000e\000u\000r\000a\000l\000\040\000N\000e\000t\000w\000o\000r\000k\000s\000\040\000\050\000R\000N\000N\000s\000\051}{chapter.12}% 114
\BOOKMARK [2][-]{subsection.12.2.1}{\376\377\000L\000o\000s\000s\000\040\000F\000u\000n\000c\000t\000i\000o\000n}{section.12.2}% 115
\BOOKMARK [1][-]{section.12.3}{\376\377\000R\000N\000N\000\040\000b\000a\000c\000k\000p\000r\000o\000p\000a\000g\000a\000t\000i\000o\000n}{chapter.12}% 116
\BOOKMARK [1][-]{section.12.4}{\376\377\000E\000x\000e\000r\000c\000i\000s\000e\000s}{chapter.12}% 117
\BOOKMARK [1][-]{section.12.5}{\376\377\000S\000o\000l\000u\000t\000i\000o\000n\000s\000\040\000t\000o\000\040\000E\000x\000e\000r\000c\000i\000s\000e\000s}{chapter.12}% 118
